refactor code on 2023-09-13
fix bug on 2023-09-08
update docs on 2023-09-02
refactor code on 2023-10-03
improve performance on 2023-10-07
fix bug on 2023-11-15
refactor code on 2023-11-06
update docs on 2023-11-08
fix bug on 2023-12-08
add feature on 2023-12-11
improve performance on 2023-12-16
improve performance on 2024-01-09
improve performance on 2024-01-02
update config on 2024-02-24
update docs on 2024-02-26
refactor code on 2024-02-20
improve performance on 2024-03-04
improve performance on 2024-03-11
update config on 2024-03-19
improve performance on 2024-04-05
add feature on 2024-04-17
improve performance on 2024-05-13
update config on 2024-05-10
improve performance on 2024-06-18
refactor code on 2024-06-01
update config on 2024-07-24
update docs on 2024-07-24
improve performance on 2024-07-13
refactor code on 2024-08-07
refactor code on 2024-08-01
improve performance on 2024-09-02
improve performance on 2024-09-17
fix bug on 2024-09-08
update docs on 2024-10-27
improve performance on 2024-10-19
refactor code on 2024-11-25
update docs on 2024-11-09
fix bug on 2024-11-26
add feature on 2024-12-10
refactor code on 2024-12-10
fix bug on 2025-01-01
improve performance on 2025-01-20
refactor code on 2025-01-21
improve performance on 2025-02-13
update config on 2025-02-22
fix bug on 2025-02-22
update config on 2025-03-12
